<?xml version="1.0" encoding="UTF-8"?>
<!-- Generated by org.testng.reporters.JUnitReportReporter -->
<testsuite hostname="ASDW0055" name="com.qait.automation.TestAssociationFinancialProfessional.TestPractise" tests="1" failures="0" timestamp="14 Sep 2016 08:24:43 GMT" time="0.156" errors="0">
  <testcase name="check" time="0.156" classname="com.qait.automation.TestAssociationFinancialProfessional.TestPractise"/>
</testsuite> <!-- com.qait.automation.TestAssociationFinancialProfessional.TestPractise -->
